<?xml version="1.0" encoding="utf-8"?><testsuites name="pytest tests"><testsuite name="pytest" errors="0" failures="1" skipped="0" tests="10" time="8.527" timestamp="2026-08-07T05:42:15.640961+00:00" hostname="agent-env-a0851090-8443-4be3-8dd4-f7d667ac794b"><testcase classname="tests.test_iteration10.TestShippingQuote" name="test_same_town_local_rate" time="0.906" /><testcase classname="tests.test_iteration10.TestStockPatch" name="test_seller_can_edit_own_stock" time="1.195" /><testcase classname="tests.test_iteration10.TestShippingQuote" name="test_far_town_distance_rate" time="0.121" /><testcase classname="tests.test_iteration10.TestShippingQuote" name="test_pickup_no_shipping" time="0.102" /><testcase classname="tests.test_iteration10.TestStockPatch" name="test_stock_negative_rejected" time="0.260" /><testcase classname="tests.test_iteration10.TestShippingQuote" name="test_checkout_applies_local_rate" time="0.650"><failure message="AssertionError: expected same-town ₱30 in order, got 49.0&#10;assert 49.0 == 30.0">backend/tests/test_iteration10.py:96: in test_checkout_applies_local_rate
    assert o["shipping_fee"] == 30.0, f"expected same-town ₱30 in order, got {o.get('shipping_fee')}"
E   AssertionError: expected same-town ₱30 in order, got 49.0
E   assert 49.0 == 30.0</failure></testcase><testcase classname="tests.test_iteration10.TestReviewFromOrder" name="test_review_delivered_product" time="0.679" /><testcase classname="tests.test_iteration10.TestStockPatch" name="test_buyer_cannot_edit_stock" time="0.417" /><testcase classname="tests.test_iteration10.TestRiderEarnings" name="test_earnings_shape" time="0.426" /><testcase classname="tests.test_iteration10.TestAssignRiderEmail" name="test_assign_saved_rider_returns_200" time="5.558" /></testsuite></testsuites>