<?xml version="1.0" encoding="utf-8"?><testsuites name="pytest tests"><testsuite name="pytest" errors="0" failures="0" skipped="0" tests="7" time="2.065" timestamp="2026-08-06T05:15:48.279854+00:00" hostname="agent-env-a0851090-8443-4be3-8dd4-f7d667ac794b"><testcase classname="tests.test_iteration7.TestShippingQuote" name="test_pickup_is_free" time="0.295" /><testcase classname="tests.test_iteration7.TestShippingQuote" name="test_delivery_returns_positive_fee" time="0.098" /><testcase classname="tests.test_iteration7.TestShippingQuote" name="test_delivery_by_coords" time="0.095" /><testcase classname="tests.test_iteration7.TestCheckoutShipping" name="test_delivery_order_has_shipping" time="0.581" /><testcase classname="tests.test_iteration7.TestCheckoutShipping" name="test_pickup_order_no_shipping" time="0.203" /><testcase classname="tests.test_iteration7.TestCustomRider" name="test_assign_custom_rider" time="0.635" /><testcase classname="tests.test_iteration7.TestCustomRider" name="test_custom_rider_not_saved_to_riders" time="0.105" /></testsuite></testsuites>