<?xml version="1.0" encoding="utf-8"?><testsuites name="pytest tests"><testsuite name="pytest" errors="0" failures="1" skipped="0" tests="27" time="7.144" timestamp="2026-08-06T04:38:25.277859+00:00" hostname="agent-env-a0851090-8443-4be3-8dd4-f7d667ac794b"><testcase classname="tests.test_iteration6.TestReviews" name="test_get_reviews_empty_ok" time="0.716" /><testcase classname="tests.backend_test.TestOrderCancellation" name="test_buyer_cancel_restores_stock" time="1.809" /><testcase classname="tests.test_iteration6.TestReviews" name="test_product_detail_has_seller_rating_fields" time="0.731" /><testcase classname="tests.test_iteration6.TestReviews" name="test_submit_review_by_buyer" time="0.309" /><testcase classname="tests.test_iteration6.TestReviews" name="test_review_guard_not_ordered" time="0.320" /><testcase classname="tests.backend_test.TestOrderCancellation" name="test_seller_cancel_restores_stock" time="0.543" /><testcase classname="tests.test_iteration6.TestReviews" name="test_review_requires_auth" time="0.203" /><testcase classname="tests.backend_test.TestOrderCancellation" name="test_cannot_cancel_delivered" time="1.126" /><testcase classname="tests.backend_test.TestAuth" name="test_login_all" time="0.991" /><testcase classname="tests.backend_test.TestAuth" name="test_login_invalid" time="0.106" /><testcase classname="tests.backend_test.TestAuth" name="test_me_no_auth" time="0.101" /><testcase classname="tests.backend_test.TestOrderCancellation" name="test_cancel_only_once" time="0.294" /><testcase classname="tests.backend_test.TestDeliverySellerAdvance" name="test_delivery_cod_starts_pending" time="0.614" /><testcase classname="tests.backend_test.TestOrderCancellation" name="test_stranger_buyer_cannot_cancel" time="0.564" /><testcase classname="tests.backend_test.TestDeliverySellerAdvance" name="test_seller_advances_pending_to_delivered" time="0.564" /><testcase classname="tests.test_iteration6.TestSellerEarnings" name="test_earnings_endpoint" time="0.421" /><testcase classname="tests.backend_test.TestDeliverySellerAdvance" name="test_assign_rider_delivery" time="0.814" /><testcase classname="tests.test_iteration6.TestSellerEarnings" name="test_earnings_forbidden_for_buyer" time="0.445" /><testcase classname="tests.test_iteration6.TestSellerStatsRegression" name="test_seller_stats_still_works" time="0.102" /><testcase classname="tests.test_iteration6.TestGcashManualRegression" name="test_gcash_manual_mode" time="0.291" /><testcase classname="tests.backend_test.TestProducts" name="test_list_products" time="0.109" /><testcase classname="tests.backend_test.TestProducts" name="test_buyer_cannot_create_product" time="0.091" /><testcase classname="tests.backend_test.TestHealth" name="test_root" time="0.115" /><testcase classname="tests.backend_test.TestPickupCheckout" name="test_pickup_cod_checkout" time="0.203" /><testcase classname="tests.backend_test.TestRiders" name="test_riders_have_lat_lng" time="0.095" /><testcase classname="tests.backend_test.TestOnlineCheckoutRegression" name="test_online_checkout" time="0.618"><failure message="AssertionError: Internal Server Error&#10;assert 500 == 200&#10; +  where 500 = &lt;Response [500]&gt;.status_code">backend/tests/backend_test.py:307: in test_online_checkout
    assert r.status_code == 200, r.text
E   AssertionError: Internal Server Error
E   assert 500 == 200
E    +  where 500 = &lt;Response [500]&gt;.status_code</failure></testcase><testcase classname="tests.backend_test.TestPickupSellerAdvance" name="test_seller_advances_pickup" time="0.768" /></testsuite></testsuites>