<?xml version="1.0" encoding="utf-8"?><testsuites name="pytest tests"><testsuite name="pytest" errors="0" failures="0" skipped="0" tests="24" time="5.475" timestamp="2026-08-01T03:35:47.026261+00:00" hostname="agent-env-a0851090-8443-4be3-8dd4-f7d667ac794b"><testcase classname="tests.backend_test.TestHealth" name="test_root" time="0.120" /><testcase classname="tests.backend_test.TestAuth" name="test_login_seller" time="0.329" /><testcase classname="tests.backend_test.TestAuth" name="test_login_buyer" time="0.318" /><testcase classname="tests.backend_test.TestAuth" name="test_login_admin" time="0.320" /><testcase classname="tests.backend_test.TestAuth" name="test_login_invalid" time="0.132" /><testcase classname="tests.backend_test.TestAuth" name="test_me_buyer" time="0.107" /><testcase classname="tests.backend_test.TestAuth" name="test_me_no_auth" time="0.115" /><testcase classname="tests.backend_test.TestAuth" name="test_register_buyer_and_seller" time="0.648" /><testcase classname="tests.backend_test.TestAuth" name="test_register_duplicate" time="0.105" /><testcase classname="tests.backend_test.TestProducts" name="test_list_products" time="0.099" /><testcase classname="tests.backend_test.TestProducts" name="test_filter_by_category" time="0.104" /><testcase classname="tests.backend_test.TestProducts" name="test_search_products" time="0.150" /><testcase classname="tests.backend_test.TestProducts" name="test_buyer_cannot_create_product" time="0.105" /><testcase classname="tests.backend_test.TestProducts" name="test_seller_create_and_verify" time="0.297" /><testcase classname="tests.backend_test.TestRiders" name="test_list_riders" time="0.104" /><testcase classname="tests.backend_test.TestCheckoutCOD" name="test_cod_order_flow" time="0.308" /><testcase classname="tests.backend_test.TestCheckoutCOD" name="test_orders_lists_buyer_order" time="0.102" /><testcase classname="tests.backend_test.TestCheckoutOnline" name="test_online_checkout_returns_url" time="0.676" /><testcase classname="tests.backend_test.TestCheckoutOnline" name="test_online_order_pending" time="0.098" /><testcase classname="tests.backend_test.TestCheckoutOnline" name="test_payment_status_endpoint" time="0.345" /><testcase classname="tests.backend_test.TestSellerOrderManagement" name="test_seller_sees_order" time="0.104" /><testcase classname="tests.backend_test.TestSellerOrderManagement" name="test_advance_status" time="0.293" /><testcase classname="tests.backend_test.TestSellerOrderManagement" name="test_assign_rider" time="0.318" /><testcase classname="tests.backend_test.TestSellerOrderManagement" name="test_buyer_cannot_update_status" time="0.092" /></testsuite></testsuites>