<?xml version="1.0" encoding="utf-8"?><testsuites name="pytest tests"><testsuite name="pytest" errors="0" failures="0" skipped="0" tests="18" time="6.774" timestamp="2026-08-01T03:53:20.098092+00:00" hostname="agent-env-a0851090-8443-4be3-8dd4-f7d667ac794b"><testcase classname="tests.backend_test.TestHealth" name="test_root" time="0.233" /><testcase classname="tests.backend_test.TestAuth" name="test_login_all" time="0.984" /><testcase classname="tests.backend_test.TestAuth" name="test_login_invalid" time="0.095" /><testcase classname="tests.backend_test.TestAuth" name="test_me_no_auth" time="0.089" /><testcase classname="tests.backend_test.TestProducts" name="test_list_products" time="0.135" /><testcase classname="tests.backend_test.TestProducts" name="test_buyer_cannot_create_product" time="0.136" /><testcase classname="tests.backend_test.TestRiders" name="test_riders_have_lat_lng" time="0.131" /><testcase classname="tests.backend_test.TestPickupCheckout" name="test_pickup_cod_checkout" time="0.384" /><testcase classname="tests.backend_test.TestDeliverySellerAdvance" name="test_delivery_cod_starts_pending" time="0.193" /><testcase classname="tests.backend_test.TestDeliverySellerAdvance" name="test_seller_advances_pending_to_delivered" time="0.452" /><testcase classname="tests.backend_test.TestDeliverySellerAdvance" name="test_assign_rider_delivery" time="0.485" /><testcase classname="tests.backend_test.TestPickupSellerAdvance" name="test_seller_advances_pickup" time="0.310" /><testcase classname="tests.backend_test.TestOrderCancellation" name="test_buyer_cancel_restores_stock" time="0.478" /><testcase classname="tests.backend_test.TestOrderCancellation" name="test_seller_cancel_restores_stock" time="0.477" /><testcase classname="tests.backend_test.TestOrderCancellation" name="test_cannot_cancel_delivered" time="0.601" /><testcase classname="tests.backend_test.TestOrderCancellation" name="test_cancel_only_once" time="0.288" /><testcase classname="tests.backend_test.TestOrderCancellation" name="test_stranger_buyer_cannot_cancel" time="0.520" /><testcase classname="tests.backend_test.TestOnlineCheckoutRegression" name="test_online_checkout" time="0.729" /></testsuite></testsuites>